Analysis & Synthesis report for Decimator
Wed Jan 31 09:18:07 2024
Quartus Prime Version 18.1.0 Build 625 09/12/2018 SJ Lite Edition


---------------------
; Table of Contents ;
---------------------
  1. Legal Notice
  2. Analysis & Synthesis Summary
  3. Analysis & Synthesis Settings
  4. Parallel Compilation
  5. Analysis & Synthesis Source Files Read
  6. Analysis & Synthesis Resource Usage Summary
  7. Analysis & Synthesis Resource Utilization by Entity
  8. Registers Removed During Synthesis
  9. Removed Registers Triggering Further Register Optimizations
 10. General Register Statistics
 11. Parameter Settings for User Entity Instance: Top-level Entity: |FIR_Decimate_rag
 12. Post-Synthesis Netlist Statistics for Top Partition
 13. Elapsed Time Per Partition
 14. Analysis & Synthesis Messages



----------------
; Legal Notice ;
----------------
Copyright (C) 2018  Intel Corporation. All rights reserved.
Your use of Intel Corporation's design tools, logic functions 
and other software and tools, and its AMPP partner logic 
functions, and any output files from any of the foregoing 
(including device programming or simulation files), and any 
associated documentation or information are expressly subject 
to the terms and conditions of the Intel Program License 
Subscription Agreement, the Intel Quartus Prime License Agreement,
the Intel FPGA IP License Agreement, or other applicable license
agreement, including, without limitation, that your use is for
the sole purpose of programming logic devices manufactured by
Intel and sold by Intel or its authorized distributors.  Please
refer to the applicable agreement for further details.



+-------------------------------------------------------------------------------+
; Analysis & Synthesis Summary                                                  ;
+---------------------------------+---------------------------------------------+
; Analysis & Synthesis Status     ; Successful - Wed Jan 31 09:18:07 2024       ;
; Quartus Prime Version           ; 18.1.0 Build 625 09/12/2018 SJ Lite Edition ;
; Revision Name                   ; Decimator                                   ;
; Top-level Entity Name           ; FIR_Decimate_rag                            ;
; Family                          ; Cyclone V                                   ;
; Logic utilization (in ALMs)     ; N/A                                         ;
; Total registers                 ; 700                                         ;
; Total pins                      ; 26                                          ;
; Total virtual pins              ; 0                                           ;
; Total block memory bits         ; 0                                           ;
; Total DSP Blocks                ; 0                                           ;
; Total HSSI RX PCSs              ; 0                                           ;
; Total HSSI PMA RX Deserializers ; 0                                           ;
; Total HSSI TX PCSs              ; 0                                           ;
; Total HSSI PMA TX Serializers   ; 0                                           ;
; Total PLLs                      ; 0                                           ;
; Total DLLs                      ; 0                                           ;
+---------------------------------+---------------------------------------------+


+---------------------------------------------------------------------------------------------------------------------------+
; Analysis & Synthesis Settings                                                                                             ;
+---------------------------------------------------------------------------------+--------------------+--------------------+
; Option                                                                          ; Setting            ; Default Value      ;
+---------------------------------------------------------------------------------+--------------------+--------------------+
; Device                                                                          ; 5CSEMA5F31C6       ;                    ;
; Top-level entity name                                                           ; FIR_Decimate_rag   ; Decimator          ;
; Family name                                                                     ; Cyclone V          ; Cyclone V          ;
; Use smart compilation                                                           ; Off                ; Off                ;
; Enable parallel Assembler and Timing Analyzer during compilation                ; On                 ; On                 ;
; Enable compact report table                                                     ; Off                ; Off                ;
; Restructure Multiplexers                                                        ; Auto               ; Auto               ;
; MLAB Add Timing Constraints For Mixed-Port Feed-Through Mode Setting Don't Care ; Off                ; Off                ;
; Create Debugging Nodes for IP Cores                                             ; Off                ; Off                ;
; Preserve fewer node names                                                       ; On                 ; On                 ;
; Intel FPGA IP Evaluation Mode                                                   ; Enable             ; Enable             ;
; Verilog Version                                                                 ; Verilog_2001       ; Verilog_2001       ;
; VHDL Version                                                                    ; VHDL_1993          ; VHDL_1993          ;
; State Machine Processing                                                        ; Auto               ; Auto               ;
; Safe State Machine                                                              ; Off                ; Off                ;
; Extract Verilog State Machines                                                  ; On                 ; On                 ;
; Extract VHDL State Machines                                                     ; On                 ; On                 ;
; Ignore Verilog initial constructs                                               ; Off                ; Off                ;
; Iteration limit for constant Verilog loops                                      ; 5000               ; 5000               ;
; Iteration limit for non-constant Verilog loops                                  ; 250                ; 250                ;
; Add Pass-Through Logic to Inferred RAMs                                         ; On                 ; On                 ;
; Infer RAMs from Raw Logic                                                       ; On                 ; On                 ;
; Parallel Synthesis                                                              ; On                 ; On                 ;
; DSP Block Balancing                                                             ; Auto               ; Auto               ;
; NOT Gate Push-Back                                                              ; On                 ; On                 ;
; Power-Up Don't Care                                                             ; On                 ; On                 ;
; Remove Redundant Logic Cells                                                    ; Off                ; Off                ;
; Remove Duplicate Registers                                                      ; On                 ; On                 ;
; Ignore CARRY Buffers                                                            ; Off                ; Off                ;
; Ignore CASCADE Buffers                                                          ; Off                ; Off                ;
; Ignore GLOBAL Buffers                                                           ; Off                ; Off                ;
; Ignore ROW GLOBAL Buffers                                                       ; Off                ; Off                ;
; Ignore LCELL Buffers                                                            ; Off                ; Off                ;
; Ignore SOFT Buffers                                                             ; On                 ; On                 ;
; Limit AHDL Integers to 32 Bits                                                  ; Off                ; Off                ;
; Optimization Technique                                                          ; Balanced           ; Balanced           ;
; Carry Chain Length                                                              ; 70                 ; 70                 ;
; Auto Carry Chains                                                               ; On                 ; On                 ;
; Auto Open-Drain Pins                                                            ; On                 ; On                 ;
; Perform WYSIWYG Primitive Resynthesis                                           ; Off                ; Off                ;
; Auto ROM Replacement                                                            ; On                 ; On                 ;
; Auto RAM Replacement                                                            ; On                 ; On                 ;
; Auto DSP Block Replacement                                                      ; On                 ; On                 ;
; Auto Shift Register Replacement                                                 ; Auto               ; Auto               ;
; Allow Shift Register Merging across Hierarchies                                 ; Auto               ; Auto               ;
; Auto Clock Enable Replacement                                                   ; On                 ; On                 ;
; Strict RAM Replacement                                                          ; Off                ; Off                ;
; Allow Synchronous Control Signals                                               ; On                 ; On                 ;
; Force Use of Synchronous Clear Signals                                          ; Off                ; Off                ;
; Auto Resource Sharing                                                           ; Off                ; Off                ;
; Allow Any RAM Size For Recognition                                              ; Off                ; Off                ;
; Allow Any ROM Size For Recognition                                              ; Off                ; Off                ;
; Allow Any Shift Register Size For Recognition                                   ; Off                ; Off                ;
; Use LogicLock Constraints during Resource Balancing                             ; On                 ; On                 ;
; Ignore translate_off and synthesis_off directives                               ; Off                ; Off                ;
; Timing-Driven Synthesis                                                         ; On                 ; On                 ;
; Report Parameter Settings                                                       ; On                 ; On                 ;
; Report Source Assignments                                                       ; On                 ; On                 ;
; Report Connectivity Checks                                                      ; On                 ; On                 ;
; Ignore Maximum Fan-Out Assignments                                              ; Off                ; Off                ;
; Synchronization Register Chain Length                                           ; 3                  ; 3                  ;
; Power Optimization During Synthesis                                             ; Normal compilation ; Normal compilation ;
; HDL message level                                                               ; Level2             ; Level2             ;
; Suppress Register Optimization Related Messages                                 ; Off                ; Off                ;
; Number of Removed Registers Reported in Synthesis Report                        ; 5000               ; 5000               ;
; Number of Swept Nodes Reported in Synthesis Report                              ; 5000               ; 5000               ;
; Number of Inverted Registers Reported in Synthesis Report                       ; 100                ; 100                ;
; Clock MUX Protection                                                            ; On                 ; On                 ;
; Auto Gated Clock Conversion                                                     ; Off                ; Off                ;
; Block Design Naming                                                             ; Auto               ; Auto               ;
; SDC constraint protection                                                       ; Off                ; Off                ;
; Synthesis Effort                                                                ; Auto               ; Auto               ;
; Shift Register Replacement - Allow Asynchronous Clear Signal                    ; On                 ; On                 ;
; Pre-Mapping Resynthesis Optimization                                            ; Off                ; Off                ;
; Analysis & Synthesis Message Level                                              ; Medium             ; Medium             ;
; Disable Register Merging Across Hierarchies                                     ; Auto               ; Auto               ;
; Resource Aware Inference For Block RAM                                          ; On                 ; On                 ;
; Automatic Parallel Synthesis                                                    ; On                 ; On                 ;
; Partial Reconfiguration Bitstream ID                                            ; Off                ; Off                ;
+---------------------------------------------------------------------------------+--------------------+--------------------+


+------------------------------------------+
; Parallel Compilation                     ;
+----------------------------+-------------+
; Processors                 ; Number      ;
+----------------------------+-------------+
; Number detected on machine ; 8           ;
; Maximum allowed            ; 4           ;
;                            ;             ;
; Average used               ; 1.00        ;
; Maximum used               ; 4           ;
;                            ;             ;
; Usage by Processor         ; % Time Used ;
;     Processor 1            ; 100.0%      ;
;     Processor 2            ;   0.0%      ;
;     Processor 3            ;   0.0%      ;
;     Processor 4            ;   0.0%      ;
+----------------------------+-------------+


+------------------------------------------------------------------------------------------------------------------------------------------------------------------+
; Analysis & Synthesis Source Files Read                                                                                                                           ;
+----------------------------------+-----------------+-----------------+---------------------------------------------------------------------------------+---------+
; File Name with User-Entered Path ; Used in Netlist ; File Type       ; File Name with Absolute Path                                                    ; Library ;
+----------------------------------+-----------------+-----------------+---------------------------------------------------------------------------------+---------+
; FIR_Decimate_rag.vhd             ; yes             ; User VHDL File  ; C:/Users/aleks/Desktop/Workspace_ALTERA/FIR_Decimation_RAG/FIR_Decimate_rag.vhd ;         ;
+----------------------------------+-----------------+-----------------+---------------------------------------------------------------------------------+---------+


+---------------------------------------------------------+
; Analysis & Synthesis Resource Usage Summary             ;
+---------------------------------------------+-----------+
; Resource                                    ; Usage     ;
+---------------------------------------------+-----------+
; Estimate of Logic utilization (ALMs needed) ; 354       ;
;                                             ;           ;
; Combinational ALUT usage for logic          ; 324       ;
;     -- 7 input functions                    ; 0         ;
;     -- 6 input functions                    ; 6         ;
;     -- 5 input functions                    ; 0         ;
;     -- 4 input functions                    ; 2         ;
;     -- <=3 input functions                  ; 316       ;
;                                             ;           ;
; Dedicated logic registers                   ; 700       ;
;                                             ;           ;
; I/O pins                                    ; 26        ;
;                                             ;           ;
; Total DSP Blocks                            ; 0         ;
;                                             ;           ;
; Maximum fan-out node                        ; clk~input ;
; Maximum fan-out                             ; 700       ;
; Total fan-out                               ; 3084      ;
; Average fan-out                             ; 2.87      ;
+---------------------------------------------+-----------+


+---------------------------------------------------------------------------------------------------------------------------------------------------------------------------------------------+
; Analysis & Synthesis Resource Utilization by Entity                                                                                                                                         ;
+----------------------------+---------------------+---------------------------+-------------------+------------+------+--------------+---------------------+------------------+--------------+
; Compilation Hierarchy Node ; Combinational ALUTs ; Dedicated Logic Registers ; Block Memory Bits ; DSP Blocks ; Pins ; Virtual Pins ; Full Hierarchy Name ; Entity Name      ; Library Name ;
+----------------------------+---------------------+---------------------------+-------------------+------------+------+--------------+---------------------+------------------+--------------+
; |FIR_Decimate_rag          ; 324 (324)           ; 700 (700)                 ; 0                 ; 0          ; 26   ; 0            ; |FIR_Decimate_rag   ; FIR_Decimate_rag ; work         ;
+----------------------------+---------------------+---------------------------+-------------------+------------+------+--------------+---------------------+------------------+--------------+
Note: For table entries with two numbers listed, the numbers in parentheses indicate the number of resources of the given type used by the specific entity alone. The numbers listed outside of parentheses indicate the total resources of the given type used by the specific entity and all of its sub-entities in the hierarchy.


+-----------------------------------------------------------------------------------+
; Registers Removed During Synthesis                                                ;
+-----------------------------------------+-----------------------------------------+
; Register name                           ; Reason for Removal                      ;
+-----------------------------------------+-----------------------------------------+
; multipliers_out1_reg[1][0]              ; Stuck at GND due to stuck port data_in  ;
; multipliers_out1_reg[3][2]              ; Stuck at GND due to stuck port data_in  ;
; multipliers_out1_reg[3][1]              ; Stuck at GND due to stuck port data_in  ;
; multipliers_out1_reg[3][0]              ; Stuck at GND due to stuck port data_in  ;
; multipliers_out1_reg[4][2]              ; Stuck at GND due to stuck port data_in  ;
; multipliers_out1_reg[4][1]              ; Stuck at GND due to stuck port data_in  ;
; multipliers_out1_reg[4][0]              ; Stuck at GND due to stuck port data_in  ;
; multipliers_out1_reg[6][0]              ; Stuck at GND due to stuck port data_in  ;
; w64_0[0..5]                             ; Stuck at GND due to stuck port data_in  ;
; w4_0[0,1]                               ; Stuck at GND due to stuck port data_in  ;
; w2_0[0]                                 ; Stuck at GND due to stuck port data_in  ;
; w4_1[0,1]                               ; Stuck at GND due to stuck port data_in  ;
; w2_1[0]                                 ; Stuck at GND due to stuck port data_in  ;
; w4_1[15]                                ; Lost fanout                             ;
; w1_1[15]                                ; Lost fanout                             ;
; multipliers_out1_reg[2][0]              ; Stuck at GND due to stuck port data_in  ;
; multipliers_out1_reg[5][0]              ; Stuck at GND due to stuck port data_in  ;
; w2n_1[0]                                ; Stuck at GND due to stuck port data_in  ;
; w2n_0[0]                                ; Stuck at GND due to stuck port data_in  ;
; multipliers_out1_reg[0][0]              ; Stuck at GND due to stuck port data_in  ;
; multipliers_out1_reg[7][0]              ; Stuck at GND due to stuck port data_in  ;
; multipliers_out0_reg[1][0]              ; Stuck at GND due to stuck port data_in  ;
; multipliers_out0_reg[5][0]              ; Stuck at GND due to stuck port data_in  ;
; multipliers_out0_reg[7][0]              ; Stuck at GND due to stuck port data_in  ;
; adders_in1_reg[0][0]                    ; Stuck at GND due to stuck port data_in  ;
; adders_out1[0][0]                       ; Stuck at GND due to stuck port data_in  ;
; adders_in1_reg[1][0]                    ; Stuck at GND due to stuck port data_in  ;
; adders_out1[1][0]                       ; Stuck at GND due to stuck port data_in  ;
; multipliers_out1_reg[2][1]              ; Stuck at GND due to stuck port data_in  ;
; multipliers_out1_reg[5][1]              ; Stuck at GND due to stuck port data_in  ;
; adders_in1_reg[2][0]                    ; Stuck at GND due to stuck port data_in  ;
; adders_out1[2][0]                       ; Stuck at GND due to stuck port data_in  ;
; adders_in1_reg[3][0]                    ; Stuck at GND due to stuck port data_in  ;
; adders_out1[3][0]                       ; Stuck at GND due to stuck port data_in  ;
; adders_in1_reg[4][0]                    ; Stuck at GND due to stuck port data_in  ;
; adders_out1[4][0]                       ; Stuck at GND due to stuck port data_in  ;
; adders_in1_reg[5][0]                    ; Stuck at GND due to stuck port data_in  ;
; adders_out1[5][0]                       ; Stuck at GND due to stuck port data_in  ;
; adders_in1_reg[6][0]                    ; Stuck at GND due to stuck port data_in  ;
; adders_out1[6][0]                       ; Stuck at GND due to stuck port data_in  ;
; adders_in1_reg[7][0]                    ; Stuck at GND due to stuck port data_in  ;
; adders_out1[7][0]                       ; Stuck at GND due to stuck port data_in  ;
; y1[0]                                   ; Stuck at GND due to stuck port data_in  ;
; multipliers_out1_reg[7][15]             ; Merged with multipliers_out1_reg[0][15] ;
; multipliers_out1_reg[7][14]             ; Merged with multipliers_out1_reg[0][14] ;
; multipliers_out1_reg[7][13]             ; Merged with multipliers_out1_reg[0][13] ;
; multipliers_out1_reg[7][12]             ; Merged with multipliers_out1_reg[0][12] ;
; multipliers_out1_reg[7][11]             ; Merged with multipliers_out1_reg[0][11] ;
; multipliers_out1_reg[7][10]             ; Merged with multipliers_out1_reg[0][10] ;
; multipliers_out1_reg[7][9]              ; Merged with multipliers_out1_reg[0][9]  ;
; multipliers_out1_reg[7][8]              ; Merged with multipliers_out1_reg[0][8]  ;
; multipliers_out1_reg[7][7]              ; Merged with multipliers_out1_reg[0][7]  ;
; multipliers_out1_reg[7][6]              ; Merged with multipliers_out1_reg[0][6]  ;
; multipliers_out1_reg[7][5]              ; Merged with multipliers_out1_reg[0][5]  ;
; multipliers_out1_reg[7][4]              ; Merged with multipliers_out1_reg[0][4]  ;
; multipliers_out1_reg[7][3]              ; Merged with multipliers_out1_reg[0][3]  ;
; multipliers_out1_reg[7][2]              ; Merged with multipliers_out1_reg[0][2]  ;
; multipliers_out1_reg[7][1]              ; Merged with multipliers_out1_reg[0][1]  ;
; multipliers_out1_reg[6][15]             ; Merged with multipliers_out1_reg[1][15] ;
; multipliers_out1_reg[6][14]             ; Merged with multipliers_out1_reg[1][14] ;
; multipliers_out1_reg[6][13]             ; Merged with multipliers_out1_reg[1][13] ;
; multipliers_out1_reg[6][12]             ; Merged with multipliers_out1_reg[1][12] ;
; multipliers_out1_reg[6][11]             ; Merged with multipliers_out1_reg[1][11] ;
; multipliers_out1_reg[6][10]             ; Merged with multipliers_out1_reg[1][10] ;
; multipliers_out1_reg[6][9]              ; Merged with multipliers_out1_reg[1][9]  ;
; multipliers_out1_reg[6][8]              ; Merged with multipliers_out1_reg[1][8]  ;
; multipliers_out1_reg[6][7]              ; Merged with multipliers_out1_reg[1][7]  ;
; multipliers_out1_reg[6][6]              ; Merged with multipliers_out1_reg[1][6]  ;
; multipliers_out1_reg[6][5]              ; Merged with multipliers_out1_reg[1][5]  ;
; multipliers_out1_reg[6][4]              ; Merged with multipliers_out1_reg[1][4]  ;
; multipliers_out1_reg[6][3]              ; Merged with multipliers_out1_reg[1][3]  ;
; multipliers_out1_reg[6][2]              ; Merged with multipliers_out1_reg[1][2]  ;
; multipliers_out1_reg[6][1]              ; Merged with multipliers_out1_reg[1][1]  ;
; multipliers_out1_reg[5][15]             ; Merged with multipliers_out1_reg[2][15] ;
; multipliers_out1_reg[5][14]             ; Merged with multipliers_out1_reg[2][14] ;
; multipliers_out1_reg[5][13]             ; Merged with multipliers_out1_reg[2][13] ;
; multipliers_out1_reg[5][12]             ; Merged with multipliers_out1_reg[2][12] ;
; multipliers_out1_reg[5][11]             ; Merged with multipliers_out1_reg[2][11] ;
; multipliers_out1_reg[5][10]             ; Merged with multipliers_out1_reg[2][10] ;
; multipliers_out1_reg[5][9]              ; Merged with multipliers_out1_reg[2][9]  ;
; multipliers_out1_reg[5][8]              ; Merged with multipliers_out1_reg[2][8]  ;
; multipliers_out1_reg[5][7]              ; Merged with multipliers_out1_reg[2][7]  ;
; multipliers_out1_reg[5][6]              ; Merged with multipliers_out1_reg[2][6]  ;
; multipliers_out1_reg[5][5]              ; Merged with multipliers_out1_reg[2][5]  ;
; multipliers_out1_reg[5][4]              ; Merged with multipliers_out1_reg[2][4]  ;
; multipliers_out1_reg[5][3]              ; Merged with multipliers_out1_reg[2][3]  ;
; multipliers_out1_reg[5][2]              ; Merged with multipliers_out1_reg[2][2]  ;
; multipliers_out1_reg[4][15]             ; Merged with multipliers_out1_reg[3][15] ;
; multipliers_out1_reg[4][14]             ; Merged with multipliers_out1_reg[3][14] ;
; multipliers_out1_reg[4][13]             ; Merged with multipliers_out1_reg[3][13] ;
; multipliers_out1_reg[4][12]             ; Merged with multipliers_out1_reg[3][12] ;
; multipliers_out1_reg[4][11]             ; Merged with multipliers_out1_reg[3][11] ;
; multipliers_out1_reg[4][10]             ; Merged with multipliers_out1_reg[3][10] ;
; multipliers_out1_reg[4][9]              ; Merged with multipliers_out1_reg[3][9]  ;
; multipliers_out1_reg[4][8]              ; Merged with multipliers_out1_reg[3][8]  ;
; multipliers_out1_reg[4][7]              ; Merged with multipliers_out1_reg[3][7]  ;
; multipliers_out1_reg[4][6]              ; Merged with multipliers_out1_reg[3][6]  ;
; multipliers_out1_reg[4][5]              ; Merged with multipliers_out1_reg[3][5]  ;
; multipliers_out1_reg[4][4]              ; Merged with multipliers_out1_reg[3][4]  ;
; multipliers_out1_reg[4][3]              ; Merged with multipliers_out1_reg[3][3]  ;
; multipliers_out0_reg[2][15]             ; Merged with multipliers_out0_reg[0][15] ;
; multipliers_out0_reg[4][15]             ; Merged with multipliers_out0_reg[0][15] ;
; multipliers_out0_reg[6][15]             ; Merged with multipliers_out0_reg[0][15] ;
; multipliers_out0_reg[2][14]             ; Merged with multipliers_out0_reg[0][14] ;
; multipliers_out0_reg[4][14]             ; Merged with multipliers_out0_reg[0][14] ;
; multipliers_out0_reg[6][14]             ; Merged with multipliers_out0_reg[0][14] ;
; multipliers_out0_reg[2][13]             ; Merged with multipliers_out0_reg[0][13] ;
; multipliers_out0_reg[4][13]             ; Merged with multipliers_out0_reg[0][13] ;
; multipliers_out0_reg[6][13]             ; Merged with multipliers_out0_reg[0][13] ;
; multipliers_out0_reg[2][12]             ; Merged with multipliers_out0_reg[0][12] ;
; multipliers_out0_reg[4][12]             ; Merged with multipliers_out0_reg[0][12] ;
; multipliers_out0_reg[6][12]             ; Merged with multipliers_out0_reg[0][12] ;
; multipliers_out0_reg[2][11]             ; Merged with multipliers_out0_reg[0][11] ;
; multipliers_out0_reg[4][11]             ; Merged with multipliers_out0_reg[0][11] ;
; multipliers_out0_reg[6][11]             ; Merged with multipliers_out0_reg[0][11] ;
; multipliers_out0_reg[2][10]             ; Merged with multipliers_out0_reg[0][10] ;
; multipliers_out0_reg[4][10]             ; Merged with multipliers_out0_reg[0][10] ;
; multipliers_out0_reg[6][10]             ; Merged with multipliers_out0_reg[0][10] ;
; multipliers_out0_reg[2][9]              ; Merged with multipliers_out0_reg[0][9]  ;
; multipliers_out0_reg[4][9]              ; Merged with multipliers_out0_reg[0][9]  ;
; multipliers_out0_reg[6][9]              ; Merged with multipliers_out0_reg[0][9]  ;
; multipliers_out0_reg[2][8]              ; Merged with multipliers_out0_reg[0][8]  ;
; multipliers_out0_reg[4][8]              ; Merged with multipliers_out0_reg[0][8]  ;
; multipliers_out0_reg[6][8]              ; Merged with multipliers_out0_reg[0][8]  ;
; multipliers_out0_reg[2][7]              ; Merged with multipliers_out0_reg[0][7]  ;
; multipliers_out0_reg[4][7]              ; Merged with multipliers_out0_reg[0][7]  ;
; multipliers_out0_reg[6][7]              ; Merged with multipliers_out0_reg[0][7]  ;
; multipliers_out0_reg[2][6]              ; Merged with multipliers_out0_reg[0][6]  ;
; multipliers_out0_reg[4][6]              ; Merged with multipliers_out0_reg[0][6]  ;
; multipliers_out0_reg[6][6]              ; Merged with multipliers_out0_reg[0][6]  ;
; multipliers_out0_reg[2][5]              ; Merged with multipliers_out0_reg[0][5]  ;
; multipliers_out0_reg[4][5]              ; Merged with multipliers_out0_reg[0][5]  ;
; multipliers_out0_reg[6][5]              ; Merged with multipliers_out0_reg[0][5]  ;
; multipliers_out0_reg[2][4]              ; Merged with multipliers_out0_reg[0][4]  ;
; multipliers_out0_reg[4][4]              ; Merged with multipliers_out0_reg[0][4]  ;
; multipliers_out0_reg[6][4]              ; Merged with multipliers_out0_reg[0][4]  ;
; multipliers_out0_reg[2][3]              ; Merged with multipliers_out0_reg[0][3]  ;
; multipliers_out0_reg[4][3]              ; Merged with multipliers_out0_reg[0][3]  ;
; multipliers_out0_reg[6][3]              ; Merged with multipliers_out0_reg[0][3]  ;
; multipliers_out0_reg[2][2]              ; Merged with multipliers_out0_reg[0][2]  ;
; multipliers_out0_reg[4][2]              ; Merged with multipliers_out0_reg[0][2]  ;
; multipliers_out0_reg[6][2]              ; Merged with multipliers_out0_reg[0][2]  ;
; multipliers_out0_reg[2][1]              ; Merged with multipliers_out0_reg[0][1]  ;
; multipliers_out0_reg[4][1]              ; Merged with multipliers_out0_reg[0][1]  ;
; multipliers_out0_reg[6][1]              ; Merged with multipliers_out0_reg[0][1]  ;
; multipliers_out0_reg[2][0]              ; Merged with multipliers_out0_reg[0][0]  ;
; multipliers_out0_reg[4][0]              ; Merged with multipliers_out0_reg[0][0]  ;
; multipliers_out0_reg[6][0]              ; Merged with multipliers_out0_reg[0][0]  ;
; multipliers_out0_reg[5][15]             ; Merged with multipliers_out0_reg[1][15] ;
; multipliers_out0_reg[7][15]             ; Merged with multipliers_out0_reg[1][15] ;
; multipliers_out0_reg[5][14]             ; Merged with multipliers_out0_reg[1][14] ;
; multipliers_out0_reg[7][14]             ; Merged with multipliers_out0_reg[1][14] ;
; multipliers_out0_reg[5][13]             ; Merged with multipliers_out0_reg[1][13] ;
; multipliers_out0_reg[7][13]             ; Merged with multipliers_out0_reg[1][13] ;
; multipliers_out0_reg[5][12]             ; Merged with multipliers_out0_reg[1][12] ;
; multipliers_out0_reg[7][12]             ; Merged with multipliers_out0_reg[1][12] ;
; multipliers_out0_reg[5][11]             ; Merged with multipliers_out0_reg[1][11] ;
; multipliers_out0_reg[7][11]             ; Merged with multipliers_out0_reg[1][11] ;
; multipliers_out0_reg[5][10]             ; Merged with multipliers_out0_reg[1][10] ;
; multipliers_out0_reg[7][10]             ; Merged with multipliers_out0_reg[1][10] ;
; multipliers_out0_reg[5][9]              ; Merged with multipliers_out0_reg[1][9]  ;
; multipliers_out0_reg[7][9]              ; Merged with multipliers_out0_reg[1][9]  ;
; multipliers_out0_reg[5][8]              ; Merged with multipliers_out0_reg[1][8]  ;
; multipliers_out0_reg[7][8]              ; Merged with multipliers_out0_reg[1][8]  ;
; multipliers_out0_reg[5][7]              ; Merged with multipliers_out0_reg[1][7]  ;
; multipliers_out0_reg[7][7]              ; Merged with multipliers_out0_reg[1][7]  ;
; multipliers_out0_reg[5][6]              ; Merged with multipliers_out0_reg[1][6]  ;
; multipliers_out0_reg[7][6]              ; Merged with multipliers_out0_reg[1][6]  ;
; multipliers_out0_reg[5][5]              ; Merged with multipliers_out0_reg[1][5]  ;
; multipliers_out0_reg[7][5]              ; Merged with multipliers_out0_reg[1][5]  ;
; multipliers_out0_reg[5][4]              ; Merged with multipliers_out0_reg[1][4]  ;
; multipliers_out0_reg[7][4]              ; Merged with multipliers_out0_reg[1][4]  ;
; multipliers_out0_reg[5][3]              ; Merged with multipliers_out0_reg[1][3]  ;
; multipliers_out0_reg[7][3]              ; Merged with multipliers_out0_reg[1][3]  ;
; multipliers_out0_reg[5][2]              ; Merged with multipliers_out0_reg[1][2]  ;
; multipliers_out0_reg[7][2]              ; Merged with multipliers_out0_reg[1][2]  ;
; multipliers_out0_reg[5][1]              ; Merged with multipliers_out0_reg[1][1]  ;
; multipliers_out0_reg[7][1]              ; Merged with multipliers_out0_reg[1][1]  ;
; w1_0[0]                                 ; Merged with w64_0[6]                    ;
; w2_0[1]                                 ; Merged with w64_0[6]                    ;
; w4_0[2]                                 ; Merged with w64_0[6]                    ;
; w1_0[1]                                 ; Merged with w64_0[7]                    ;
; w2_0[2]                                 ; Merged with w64_0[7]                    ;
; w4_0[3]                                 ; Merged with w64_0[7]                    ;
; w1_0[2]                                 ; Merged with w64_0[8]                    ;
; w2_0[3]                                 ; Merged with w64_0[8]                    ;
; w4_0[4]                                 ; Merged with w64_0[8]                    ;
; w1_0[3]                                 ; Merged with w64_0[9]                    ;
; w2_0[4]                                 ; Merged with w64_0[9]                    ;
; w4_0[5]                                 ; Merged with w64_0[9]                    ;
; w1_0[4]                                 ; Merged with w64_0[10]                   ;
; w2_0[5]                                 ; Merged with w64_0[10]                   ;
; w4_0[6]                                 ; Merged with w64_0[10]                   ;
; w1_0[5]                                 ; Merged with w64_0[11]                   ;
; w2_0[6]                                 ; Merged with w64_0[11]                   ;
; w4_0[7]                                 ; Merged with w64_0[11]                   ;
; w1_0[6]                                 ; Merged with w64_0[12]                   ;
; w2_0[7]                                 ; Merged with w64_0[12]                   ;
; w4_0[8]                                 ; Merged with w64_0[12]                   ;
; w1_0[7..15]                             ; Merged with w64_0[13]                   ;
; w2_0[8..15]                             ; Merged with w64_0[13]                   ;
; w4_0[9..15]                             ; Merged with w64_0[13]                   ;
; w64_0[14,15]                            ; Merged with w64_0[13]                   ;
; w1_1[0]                                 ; Merged with w4_1[2]                     ;
; w2_1[1]                                 ; Merged with w4_1[2]                     ;
; w1_1[1]                                 ; Merged with w4_1[3]                     ;
; w2_1[2]                                 ; Merged with w4_1[3]                     ;
; w1_1[2]                                 ; Merged with w4_1[4]                     ;
; w2_1[3]                                 ; Merged with w4_1[4]                     ;
; w1_1[3]                                 ; Merged with w4_1[5]                     ;
; w2_1[4]                                 ; Merged with w4_1[5]                     ;
; w1_1[4]                                 ; Merged with w4_1[6]                     ;
; w2_1[5]                                 ; Merged with w4_1[6]                     ;
; w1_1[5]                                 ; Merged with w4_1[7]                     ;
; w2_1[6]                                 ; Merged with w4_1[7]                     ;
; w1_1[6]                                 ; Merged with w4_1[8]                     ;
; w2_1[7]                                 ; Merged with w4_1[8]                     ;
; w1_1[7..14]                             ; Merged with w4_1[9]                     ;
; w2_1[8..15]                             ; Merged with w4_1[9]                     ;
; w4_1[10..14]                            ; Merged with w4_1[9]                     ;
; multipliers_out1_reg[2][2]              ; Merged with multipliers_out1_reg[1][1]  ;
; w5_1[0]                                 ; Merged with w2n_1[1]                    ;
; w3_1[0]                                 ; Merged with w2n_1[1]                    ;
; w2n_1[10..15]                           ; Merged with w2n_1[9]                    ;
; w5_1[11,12]                             ; Merged with w5_1[10]                    ;
; w3_1[11..14]                            ; Merged with w3_1[10]                    ;
; w2n_0[1]                                ; Merged with w3_0[0]                     ;
; w3_0[11..15]                            ; Merged with w3_0[10]                    ;
; w2n_0[10..15]                           ; Merged with w2n_0[9]                    ;
; multipliers_out1_reg[0][9]              ; Merged with multipliers_out1_reg[0][15] ;
; multipliers_out1_reg[0][10]             ; Merged with multipliers_out1_reg[0][15] ;
; multipliers_out1_reg[0][11]             ; Merged with multipliers_out1_reg[0][15] ;
; multipliers_out1_reg[0][12]             ; Merged with multipliers_out1_reg[0][15] ;
; multipliers_out1_reg[0][13]             ; Merged with multipliers_out1_reg[0][15] ;
; multipliers_out1_reg[0][14]             ; Merged with multipliers_out1_reg[0][15] ;
; multipliers_out1_reg[3][3]              ; Merged with multipliers_out1_reg[0][1]  ;
; multipliers_out1_reg[1][1]              ; Merged with multipliers_out1_reg[0][1]  ;
; multipliers_out1_reg[1][11]             ; Merged with multipliers_out1_reg[1][15] ;
; multipliers_out1_reg[1][12]             ; Merged with multipliers_out1_reg[1][15] ;
; multipliers_out1_reg[1][13]             ; Merged with multipliers_out1_reg[1][15] ;
; multipliers_out1_reg[1][14]             ; Merged with multipliers_out1_reg[1][15] ;
; multipliers_out1_reg[3][13]             ; Merged with multipliers_out1_reg[3][15] ;
; multipliers_out1_reg[3][14]             ; Merged with multipliers_out1_reg[3][15] ;
; multipliers_out0_reg[0][10]             ; Merged with multipliers_out0_reg[0][15] ;
; multipliers_out0_reg[0][11]             ; Merged with multipliers_out0_reg[0][15] ;
; multipliers_out0_reg[0][12]             ; Merged with multipliers_out0_reg[0][15] ;
; multipliers_out0_reg[0][13]             ; Merged with multipliers_out0_reg[0][15] ;
; multipliers_out0_reg[0][14]             ; Merged with multipliers_out0_reg[0][15] ;
; multipliers_out0_reg[1][1]              ; Merged with multipliers_out0_reg[0][0]  ;
; multipliers_out0_reg[1][9]              ; Merged with multipliers_out0_reg[1][15] ;
; multipliers_out0_reg[1][10]             ; Merged with multipliers_out0_reg[1][15] ;
; multipliers_out0_reg[1][11]             ; Merged with multipliers_out0_reg[1][15] ;
; multipliers_out0_reg[1][12]             ; Merged with multipliers_out0_reg[1][15] ;
; multipliers_out0_reg[1][13]             ; Merged with multipliers_out0_reg[1][15] ;
; multipliers_out0_reg[1][14]             ; Merged with multipliers_out0_reg[1][15] ;
; adders_in1_reg[0][15]                   ; Merged with adders_in1_reg[0][9]        ;
; adders_in1_reg[0][10]                   ; Merged with adders_in1_reg[0][9]        ;
; adders_in1_reg[0][11]                   ; Merged with adders_in1_reg[0][9]        ;
; adders_in1_reg[0][12]                   ; Merged with adders_in1_reg[0][9]        ;
; adders_in1_reg[0][13]                   ; Merged with adders_in1_reg[0][9]        ;
; adders_in1_reg[0][14]                   ; Merged with adders_in1_reg[0][9]        ;
; adders_in0_reg[0][15]                   ; Merged with adders_in0_reg[0][10]       ;
; adders_in0_reg[0][11]                   ; Merged with adders_in0_reg[0][10]       ;
; adders_in0_reg[0][12]                   ; Merged with adders_in0_reg[0][10]       ;
; adders_in0_reg[0][13]                   ; Merged with adders_in0_reg[0][10]       ;
; adders_in0_reg[0][14]                   ; Merged with adders_in0_reg[0][10]       ;
; adders_out0[0][10]                      ; Merged with adders_out0[0][15]          ;
; adders_out0[0][11]                      ; Merged with adders_out0[0][15]          ;
; adders_out0[0][12]                      ; Merged with adders_out0[0][15]          ;
; adders_out0[0][13]                      ; Merged with adders_out0[0][15]          ;
; adders_out0[0][14]                      ; Merged with adders_out0[0][15]          ;
; adders_out1[0][9]                       ; Merged with adders_out1[0][15]          ;
; adders_out1[0][10]                      ; Merged with adders_out1[0][15]          ;
; adders_out1[0][11]                      ; Merged with adders_out1[0][15]          ;
; adders_out1[0][12]                      ; Merged with adders_out1[0][15]          ;
; adders_out1[0][13]                      ; Merged with adders_out1[0][15]          ;
; adders_out1[0][14]                      ; Merged with adders_out1[0][15]          ;
; multipliers_out1_reg[2][13]             ; Merged with multipliers_out1_reg[2][15] ;
; multipliers_out1_reg[2][14]             ; Merged with multipliers_out1_reg[2][15] ;
; adders_in1_reg[1][13]                   ; Merged with adders_in1_reg[1][12]       ;
; adders_in1_reg[1][14]                   ; Merged with adders_in1_reg[1][12]       ;
; adders_in1_reg[1][15]                   ; Merged with adders_in1_reg[1][12]       ;
; adders_in0_reg[1][12]                   ; Merged with adders_in0_reg[1][11]       ;
; adders_in0_reg[1][13]                   ; Merged with adders_in0_reg[1][11]       ;
; adders_in0_reg[1][14]                   ; Merged with adders_in0_reg[1][11]       ;
; adders_in0_reg[1][15]                   ; Merged with adders_in0_reg[1][11]       ;
; w61_0[15]                               ; Merged with w61_0[14]                   ;
; adders_out0[1][11]                      ; Merged with adders_out0[1][15]          ;
; adders_out0[1][12]                      ; Merged with adders_out0[1][15]          ;
; adders_out0[1][13]                      ; Merged with adders_out0[1][15]          ;
; adders_out0[1][14]                      ; Merged with adders_out0[1][15]          ;
; adders_out1[1][12]                      ; Merged with adders_out1[1][15]          ;
; adders_out1[1][13]                      ; Merged with adders_out1[1][15]          ;
; adders_out1[1][14]                      ; Merged with adders_out1[1][15]          ;
; multipliers_out0_reg[3][14]             ; Merged with multipliers_out0_reg[3][15] ;
; adders_in1_reg[2][15]                   ; Merged with adders_in1_reg[2][14]       ;
; adders_in0_reg[2][13]                   ; Merged with adders_in0_reg[2][12]       ;
; adders_in0_reg[2][14]                   ; Merged with adders_in0_reg[2][12]       ;
; adders_in0_reg[2][15]                   ; Merged with adders_in0_reg[2][12]       ;
; adders_out0[2][12]                      ; Merged with adders_out0[2][15]          ;
; adders_out0[2][13]                      ; Merged with adders_out0[2][15]          ;
; adders_out0[2][14]                      ; Merged with adders_out0[2][15]          ;
; adders_out1[2][14]                      ; Merged with adders_out1[2][15]          ;
; Total Number of Removed Registers = 368 ;                                         ;
+-----------------------------------------+-----------------------------------------+


+---------------------------------------------------------------------------------------------------------------------------------------+
; Removed Registers Triggering Further Register Optimizations                                                                           ;
+----------------------+---------------------------+------------------------------------------------------------------------------------+
; Register name        ; Reason for Removal        ; Registers Removed due to This Register                                             ;
+----------------------+---------------------------+------------------------------------------------------------------------------------+
; adders_in1_reg[2][0] ; Stuck at GND              ; adders_out1[2][0], adders_in1_reg[3][0], adders_out1[3][0], adders_in1_reg[4][0],  ;
;                      ; due to stuck port data_in ; adders_out1[4][0], adders_in1_reg[5][0], adders_out1[5][0], adders_in1_reg[6][0],  ;
;                      ;                           ; adders_out1[6][0], adders_in1_reg[7][0], adders_out1[7][0], y1[0]                  ;
; w2n_1[0]             ; Stuck at GND              ; multipliers_out1_reg[0][0], multipliers_out1_reg[7][0], adders_in1_reg[0][0],      ;
;                      ; due to stuck port data_in ; adders_out1[0][0], adders_in1_reg[1][0], adders_out1[1][0]                         ;
; w2n_0[0]             ; Stuck at GND              ; multipliers_out0_reg[1][0], multipliers_out0_reg[5][0], multipliers_out0_reg[7][0] ;
;                      ; due to stuck port data_in ;                                                                                    ;
; w4_1[0]              ; Stuck at GND              ; w1_1[15]                                                                           ;
;                      ; due to stuck port data_in ;                                                                                    ;
+----------------------+---------------------------+------------------------------------------------------------------------------------+


+------------------------------------------------------+
; General Register Statistics                          ;
+----------------------------------------------+-------+
; Statistic                                    ; Value ;
+----------------------------------------------+-------+
; Total registers                              ; 700   ;
; Number of registers using Synchronous Clear  ; 0     ;
; Number of registers using Synchronous Load   ; 32    ;
; Number of registers using Asynchronous Clear ; 348   ;
; Number of registers using Asynchronous Load  ; 0     ;
; Number of registers using Clock Enable       ; 332   ;
; Number of registers using Preset             ; 0     ;
+----------------------------------------------+-------+


+----------------------------------------------------------------------------------+
; Parameter Settings for User Entity Instance: Top-level Entity: |FIR_Decimate_rag ;
+----------------+-------+---------------------------------------------------------+
; Parameter Name ; Value ; Type                                                    ;
+----------------+-------+---------------------------------------------------------+
; INPUT_WIDTH    ; 8     ; Signed Integer                                          ;
; OUTPUT_WIDTH   ; 16    ; Signed Integer                                          ;
; COEF_WIDTH     ; 8     ; Signed Integer                                          ;
; NUM_TAPS       ; 16    ; Signed Integer                                          ;
+----------------+-------+---------------------------------------------------------+
Note: In order to hide this table in the UI and the text report file, please set the "Show Parameter Settings in Synthesis Report" option in "Analysis and Synthesis Settings -> More Settings" to "Off".


+-----------------------------------------------------+
; Post-Synthesis Netlist Statistics for Top Partition ;
+-----------------------+-----------------------------+
; Type                  ; Count                       ;
+-----------------------+-----------------------------+
; arriav_ff             ; 700                         ;
;     CLR SLD           ; 32                          ;
;     ENA               ; 16                          ;
;     ENA CLR           ; 316                         ;
;     plain             ; 336                         ;
; arriav_lcell_comb     ; 324                         ;
;     arith             ; 314                         ;
;         1 data inputs ; 66                          ;
;         2 data inputs ; 248                         ;
;     normal            ; 10                          ;
;         0 data inputs ; 1                           ;
;         2 data inputs ; 1                           ;
;         4 data inputs ; 2                           ;
;         6 data inputs ; 6                           ;
; boundary_port         ; 26                          ;
;                       ;                             ;
; Max LUT depth         ; 4.10                        ;
; Average LUT depth     ; 1.46                        ;
+-----------------------+-----------------------------+


+-------------------------------+
; Elapsed Time Per Partition    ;
+----------------+--------------+
; Partition Name ; Elapsed Time ;
+----------------+--------------+
; Top            ; 00:00:00     ;
+----------------+--------------+


+-------------------------------+
; Analysis & Synthesis Messages ;
+-------------------------------+
Info: *******************************************************************
Info: Running Quartus Prime Analysis & Synthesis
    Info: Version 18.1.0 Build 625 09/12/2018 SJ Lite Edition
    Info: Processing started: Wed Jan 31 09:17:56 2024
Info: Command: quartus_map --read_settings_files=on --write_settings_files=off Decimator -c Decimator
Warning (18236): Number of processors has not been specified which may cause overloading on shared machines.  Set the global assignment NUM_PARALLEL_PROCESSORS in your QSF to an appropriate value for best performance.
Info (20030): Parallel compilation is enabled and will use 4 of the 4 processors detected
Info (12021): Found 2 design units, including 1 entities, in source file fir_decimate_rag_tb.vhd
    Info (12022): Found design unit 1: FIR_Decimate_tb-behavioral File: C:/Users/aleks/Desktop/Workspace_ALTERA/FIR_Decimation_RAG/FIR_Decimate_rag_tb.vhd Line: 9
    Info (12023): Found entity 1: FIR_Decimate_tb File: C:/Users/aleks/Desktop/Workspace_ALTERA/FIR_Decimation_RAG/FIR_Decimate_rag_tb.vhd Line: 6
Info (12021): Found 2 design units, including 1 entities, in source file fir_decimate_rag.vhd
    Info (12022): Found design unit 1: FIR_Decimate_rag-behavioral File: C:/Users/aleks/Desktop/Workspace_ALTERA/FIR_Decimation_RAG/FIR_Decimate_rag.vhd Line: 21
    Info (12023): Found entity 1: FIR_Decimate_rag File: C:/Users/aleks/Desktop/Workspace_ALTERA/FIR_Decimation_RAG/FIR_Decimate_rag.vhd Line: 6
Info (12127): Elaborating entity "FIR_Decimate_rag" for the top level hierarchy
Info (286030): Timing-Driven Synthesis is running
Info (17049): 2 registers lost all their fanouts during netlist optimizations.
Info (16010): Generating hard_block partition "hard_block:auto_generated_inst"
    Info (16011): Adding 0 node(s), including 0 DDIO, 0 PLL, 0 transceiver and 0 LCELL
Info (21057): Implemented 736 device resources after synthesis - the final resource count might be different
    Info (21058): Implemented 10 input pins
    Info (21059): Implemented 16 output pins
    Info (21061): Implemented 710 logic cells
Info: Quartus Prime Analysis & Synthesis was successful. 0 errors, 1 warning
    Info: Peak virtual memory: 4873 megabytes
    Info: Processing ended: Wed Jan 31 09:18:07 2024
    Info: Elapsed time: 00:00:11
    Info: Total CPU time (on all processors): 00:00:21


